kotlin version: 2.0.21
error message: org.jetbrains.kotlin.backend.common.BackendException: Backend Internal error: Exception during IR lowering
File being compiled: /home/fin/AndroidStudioProjects/Flix/app/src/main/java/fin/phoenix/flix/ui/login/Login.kt
The root cause java.lang.RuntimeException was thrown at: org.jetbrains.kotlin.backend.jvm.codegen.FunctionCodegen.generate(FunctionCodegen.kt:47)
	at org.jetbrains.kotlin.backend.common.CodegenUtil.reportBackendException(CodegenUtil.kt:253)
	at org.jetbrains.kotlin.backend.common.CodegenUtil.reportBackendException$default(CodegenUtil.kt:236)
	at org.jetbrains.kotlin.backend.common.phaser.PerformByIrFilePhase.invokeSequential(performByIrFile.kt:65)
	at org.jetbrains.kotlin.backend.common.phaser.PerformByIrFilePhase.invoke(performByIrFile.kt:52)
	at org.jetbrains.kotlin.backend.common.phaser.PerformByIrFilePhase.invoke(performByIrFile.kt:38)
	at org.jetbrains.kotlin.backend.common.phaser.NamedCompilerPhase.phaseBody(CompilerPhase.kt:166)
	at org.jetbrains.kotlin.backend.common.phaser.AbstractNamedCompilerPhase.invoke(CompilerPhase.kt:113)
	at org.jetbrains.kotlin.backend.common.phaser.CompositePhase.invoke(PhaseBuilders.kt:27)
	at org.jetbrains.kotlin.backend.common.phaser.CompositePhase.invoke(PhaseBuilders.kt:14)
	at org.jetbrains.kotlin.backend.common.phaser.NamedCompilerPhase.phaseBody(CompilerPhase.kt:166)
	at org.jetbrains.kotlin.backend.common.phaser.AbstractNamedCompilerPhase.invoke(CompilerPhase.kt:113)
	at org.jetbrains.kotlin.backend.common.phaser.CompilerPhaseKt.invokeToplevel(CompilerPhase.kt:62)
	at org.jetbrains.kotlin.backend.jvm.JvmIrCodegenFactory.invokeCodegen(JvmIrCodegenFactory.kt:371)
	at org.jetbrains.kotlin.codegen.CodegenFactory.generateModule(CodegenFactory.kt:47)
	at org.jetbrains.kotlin.backend.jvm.JvmIrCodegenFactory.generateModuleInFrontendIRMode(JvmIrCodegenFactory.kt:433)
	at org.jetbrains.kotlin.cli.jvm.compiler.pipeline.JvmCompilerPipelineKt.generateCodeFromIr(jvmCompilerPipeline.kt:246)
	at org.jetbrains.kotlin.cli.jvm.compiler.pipeline.JvmCompilerPipelineKt.compileModulesUsingFrontendIrAndLightTree(jvmCompilerPipeline.kt:142)
	at org.jetbrains.kotlin.cli.jvm.K2JVMCompiler.doExecute(K2JVMCompiler.kt:148)
	at org.jetbrains.kotlin.cli.jvm.K2JVMCompiler.doExecute(K2JVMCompiler.kt:43)
	at org.jetbrains.kotlin.cli.common.CLICompiler.execImpl(CLICompiler.kt:103)
	at org.jetbrains.kotlin.cli.common.CLICompiler.execImpl(CLICompiler.kt:49)
	at org.jetbrains.kotlin.cli.common.CLITool.exec(CLITool.kt:101)
	at org.jetbrains.kotlin.incremental.IncrementalJvmCompilerRunner.runCompiler(IncrementalJvmCompilerRunner.kt:464)
	at org.jetbrains.kotlin.incremental.IncrementalJvmCompilerRunner.runCompiler(IncrementalJvmCompilerRunner.kt:73)
	at org.jetbrains.kotlin.incremental.IncrementalCompilerRunner.doCompile(IncrementalCompilerRunner.kt:506)
	at org.jetbrains.kotlin.incremental.IncrementalCompilerRunner.compileImpl(IncrementalCompilerRunner.kt:423)
	at org.jetbrains.kotlin.incremental.IncrementalCompilerRunner.compileNonIncrementally(IncrementalCompilerRunner.kt:301)
	at org.jetbrains.kotlin.incremental.IncrementalCompilerRunner.compile(IncrementalCompilerRunner.kt:129)
	at org.jetbrains.kotlin.daemon.CompileServiceImplBase.execIncrementalCompiler(CompileServiceImpl.kt:675)
	at org.jetbrains.kotlin.daemon.CompileServiceImplBase.access$execIncrementalCompiler(CompileServiceImpl.kt:92)
	at org.jetbrains.kotlin.daemon.CompileServiceImpl.compile(CompileServiceImpl.kt:1660)
	at java.base/jdk.internal.reflect.DirectMethodHandleAccessor.invoke(Unknown Source)
	at java.base/java.lang.reflect.Method.invoke(Unknown Source)
	at java.rmi/sun.rmi.server.UnicastServerRef.dispatch(Unknown Source)
	at java.rmi/sun.rmi.transport.Transport$1.run(Unknown Source)
	at java.rmi/sun.rmi.transport.Transport$1.run(Unknown Source)
	at java.base/java.security.AccessController.doPrivileged(Unknown Source)
	at java.rmi/sun.rmi.transport.Transport.serviceCall(Unknown Source)
	at java.rmi/sun.rmi.transport.tcp.TCPTransport.handleMessages(Unknown Source)
	at java.rmi/sun.rmi.transport.tcp.TCPTransport$ConnectionHandler.run0(Unknown Source)
	at java.rmi/sun.rmi.transport.tcp.TCPTransport$ConnectionHandler.lambda$run$0(Unknown Source)
	at java.base/java.security.AccessController.doPrivileged(Unknown Source)
	at java.rmi/sun.rmi.transport.tcp.TCPTransport$ConnectionHandler.run(Unknown Source)
	at java.base/java.util.concurrent.ThreadPoolExecutor.runWorker(Unknown Source)
	at java.base/java.util.concurrent.ThreadPoolExecutor$Worker.run(Unknown Source)
	at java.base/java.lang.Thread.run(Unknown Source)
Caused by: java.lang.RuntimeException: Exception while generating code for:
FUN name:SignInSignUpScreen visibility:public modality:FINAL <> (onLoginSuccess:kotlin.Function0<kotlin.Unit>) returnType:kotlin.Unit
  annotations:
    Composable
  VALUE_PARAMETER name:onLoginSuccess index:0 type:kotlin.Function0<kotlin.Unit>
    EXPRESSION_BODY
      ERROR_EXPR 'Default Stub' type=kotlin.Function0<kotlin.Unit>
  BLOCK_BODY
    VAR name:context type:android.content.Context [val]
      CALL 'public final fun <get-current> (): T of androidx.compose.runtime.CompositionLocal [inline] declared in androidx.compose.runtime.CompositionLocal' type=android.content.Context origin=GET_PROPERTY
        $this: TYPE_OP type=androidx.compose.runtime.CompositionLocal<T of androidx.compose.runtime.CompositionLocal> origin=IMPLICIT_CAST typeOperand=androidx.compose.runtime.CompositionLocal<T of androidx.compose.runtime.CompositionLocal>
          CALL 'public final fun <get-LocalContext> (): androidx.compose.runtime.ProvidableCompositionLocal<android.content.Context> declared in androidx.compose.ui.platform.AndroidCompositionLocals_androidKt' type=androidx.compose.runtime.ProvidableCompositionLocal<android.content.Context> origin=GET_PROPERTY
    VAR name:bubbles type:kotlin.collections.List<fin.phoenix.flix.ui.login.BubbleState> [val]
      CALL 'public final fun remember <T> (calculation: @[DisallowComposableCalls] kotlin.Function0<T of androidx.compose.runtime.ComposablesKt.remember>): T of androidx.compose.runtime.ComposablesKt.remember [inline] declared in androidx.compose.runtime.ComposablesKt' type=kotlin.collections.List<fin.phoenix.flix.ui.login.BubbleState> origin=null
        <T>: kotlin.collections.List<fin.phoenix.flix.ui.login.BubbleState>
        calculation: BLOCK type=kotlin.Function0<kotlin.collections.List<fin.phoenix.flix.ui.login.BubbleState>> origin=LAMBDA
          COMPOSITE type=kotlin.Unit origin=null
          FUNCTION_REFERENCE 'private final fun SignInSignUpScreen$lambda$2 (): kotlin.collections.List<fin.phoenix.flix.ui.login.BubbleState> declared in fin.phoenix.flix.ui.login.LoginKt' type=kotlin.Function0<kotlin.collections.List<fin.phoenix.flix.ui.login.BubbleState>> origin=INLINE_LAMBDA reflectionTarget=null
    VAR name:infiniteTransition type:androidx.compose.animation.core.InfiniteTransition [val]
      CALL 'public final fun rememberInfiniteTransition (label: kotlin.String): androidx.compose.animation.core.InfiniteTransition declared in androidx.compose.animation.core.InfiniteTransitionKt' type=androidx.compose.animation.core.InfiniteTransition origin=null
        label: CONST String type=kotlin.String value="backgroundBubbles"
    VAR name:animationProgress type:androidx.compose.runtime.State<kotlin.Float> [val]
      CALL 'public final fun animateFloat (initialValue: kotlin.Float, targetValue: kotlin.Float, animationSpec: androidx.compose.animation.core.InfiniteRepeatableSpec<kotlin.Float>, label: kotlin.String): androidx.compose.runtime.State<kotlin.Float> declared in androidx.compose.animation.core.InfiniteTransitionKt' type=androidx.compose.runtime.State<kotlin.Float> origin=null
        $receiver: GET_VAR 'val infiniteTransition: androidx.compose.animation.core.InfiniteTransition [val] declared in fin.phoenix.flix.ui.login.LoginKt.SignInSignUpScreen' type=androidx.compose.animation.core.InfiniteTransition origin=null
        initialValue: CONST Float type=kotlin.Float value=0.0
        targetValue: CONST Float type=kotlin.Float value=1.0
        animationSpec: TYPE_OP type=androidx.compose.animation.core.InfiniteRepeatableSpec<kotlin.Float> origin=IMPLICIT_CAST typeOperand=androidx.compose.animation.core.InfiniteRepeatableSpec<kotlin.Float>
          CALL 'public final fun infiniteRepeatable-9IiC70o$default <T> (animation: androidx.compose.animation.core.DurationBasedAnimationSpec<T of androidx.compose.animation.core.AnimationSpecKt.infiniteRepeatable-9IiC70o$default>, repeatMode: androidx.compose.animation.core.RepeatMode?, initialStartOffset: androidx.compose.animation.core.StartOffset, $mask0: kotlin.Int, $handler: kotlin.Any?): androidx.compose.animation.core.InfiniteRepeatableSpec<T of androidx.compose.animation.core.AnimationSpecKt.infiniteRepeatable> declared in androidx.compose.animation.core.AnimationSpecKt' type=androidx.compose.animation.core.InfiniteRepeatableSpec<T of androidx.compose.animation.core.AnimationSpecKt.infiniteRepeatable> origin=DEFAULT_DISPATCH_CALL
            <T>: kotlin.Float
            animation: TYPE_OP type=androidx.compose.animation.core.TweenSpec<kotlin.Float> origin=IMPLICIT_CAST typeOperand=androidx.compose.animation.core.TweenSpec<kotlin.Float>
              CALL 'public final fun tween$default <T> (durationMillis: kotlin.Int, delayMillis: kotlin.Int, easing: androidx.compose.animation.core.Easing?, $mask0: kotlin.Int, $handler: kotlin.Any?): androidx.compose.animation.core.TweenSpec<T of androidx.compose.animation.core.AnimationSpecKt.tween$default> declared in androidx.compose.animation.core.AnimationSpecKt' type=androidx.compose.animation.core.TweenSpec<T of androidx.compose.animation.core.AnimationSpecKt.tween$default> origin=DEFAULT_DISPATCH_CALL
                <T>: kotlin.Float
                durationMillis: CONST Int type=kotlin.Int value=20000
                delayMillis: COMPOSITE type=kotlin.Int origin=DEFAULT_VALUE
                  CONST Int type=kotlin.Int value=0
                easing: CALL 'public final fun <get-LinearEasing> (): androidx.compose.animation.core.Easing declared in androidx.compose.animation.core.EasingKt' type=androidx.compose.animation.core.Easing origin=GET_PROPERTY
                $mask0: CONST Int type=kotlin.Int value=2
                $handler: CONST Null type=kotlin.Any? value=null
            repeatMode: GET_FIELD 'FIELD FIELD_FOR_ENUM_ENTRY name:Restart type:androidx.compose.animation.core.RepeatMode visibility:public [final,static] declared in androidx.compose.animation.core.RepeatMode' type=androidx.compose.animation.core.RepeatMode origin=null
            initialStartOffset: COMPOSITE type=androidx.compose.animation.core.StartOffset origin=DEFAULT_VALUE
              CALL 'public final fun <unsafe-coerce> <T, R> (v: T of kotlin.jvm.internal.<unsafe-coerce>): R of kotlin.jvm.internal.<unsafe-coerce> declared in kotlin.jvm.internal' type=androidx.compose.animation.core.StartOffset origin=null
                <T>: kotlin.Long
                <R>: androidx.compose.animation.core.StartOffset
                v: CONST Long type=kotlin.Long value=0
            $mask0: CONST Int type=kotlin.Int value=4
            $handler: CONST Null type=kotlin.Any? value=null
        label: CONST String type=kotlin.String value="bubbleAnimation"
    VAR PROPERTY_DELEGATE name:isPasswordLogin$delegate type:androidx.compose.runtime.MutableState<kotlin.Boolean> [val]
      CALL 'public final fun remember <T> (calculation: @[DisallowComposableCalls] kotlin.Function0<T of androidx.compose.runtime.ComposablesKt.remember>): T of androidx.compose.runtime.ComposablesKt.remember [inline] declared in androidx.compose.runtime.ComposablesKt' type=androidx.compose.runtime.MutableState<kotlin.Boolean> origin=null
        <T>: androidx.compose.runtime.MutableState<kotlin.Boolean>
        calculation: BLOCK type=kotlin.Function0<androidx.compose.runtime.MutableState<kotlin.Boolean>> origin=LAMBDA
          COMPOSITE type=kotlin.Unit origin=null
          FUNCTION_REFERENCE 'private final fun SignInSignUpScreen$lambda$3 (): androidx.compose.runtime.MutableState<kotlin.Boolean> declared in fin.phoenix.flix.ui.login.LoginKt' type=kotlin.Function0<androidx.compose.runtime.MutableState<kotlin.Boolean>> origin=INLINE_LAMBDA reflectionTarget=null
    VAR PROPERTY_DELEGATE name:phoneNumber$delegate type:androidx.compose.runtime.MutableState<kotlin.String> [val]
      CALL 'public final fun remember <T> (calculation: @[DisallowComposableCalls] kotlin.Function0<T of androidx.compose.runtime.ComposablesKt.remember>): T of androidx.compose.runtime.ComposablesKt.remember [inline] declared in androidx.compose.runtime.ComposablesKt' type=androidx.compose.runtime.MutableState<kotlin.String> origin=null
        <T>: androidx.compose.runtime.MutableState<kotlin.String>
        calculation: BLOCK type=kotlin.Function0<androidx.compose.runtime.MutableState<kotlin.String>> origin=LAMBDA
          COMPOSITE type=kotlin.Unit origin=null
          FUNCTION_REFERENCE 'private final fun SignInSignUpScreen$lambda$6 (): androidx.compose.runtime.MutableState<kotlin.String> declared in fin.phoenix.flix.ui.login.LoginKt' type=kotlin.Function0<androidx.compose.runtime.MutableState<kotlin.String>> origin=INLINE_LAMBDA reflectionTarget=null
    VAR PROPERTY_DELEGATE name:password$delegate type:androidx.compose.runtime.MutableState<kotlin.String> [val]
      CALL 'public final fun remember <T> (calculation: @[DisallowComposableCalls] kotlin.Function0<T of androidx.compose.runtime.ComposablesKt.remember>): T of androidx.compose.runtime.ComposablesKt.remember [inline] declared in androidx.compose.runtime.ComposablesKt' type=androidx.compose.runtime.MutableState<kotlin.String> origin=null
        <T>: androidx.compose.runtime.MutableState<kotlin.String>
        calculation: BLOCK type=kotlin.Function0<androidx.compose.runtime.MutableState<kotlin.String>> origin=LAMBDA
          COMPOSITE type=kotlin.Unit origin=null
          FUNCTION_REFERENCE 'private final fun SignInSignUpScreen$lambda$9 (): androidx.compose.runtime.MutableState<kotlin.String> declared in fin.phoenix.flix.ui.login.LoginKt' type=kotlin.Function0<androidx.compose.runtime.MutableState<kotlin.String>> origin=INLINE_LAMBDA reflectionTarget=null
    VAR PROPERTY_DELEGATE name:verificationCode$delegate type:androidx.compose.runtime.MutableState<kotlin.String> [val]
      CALL 'public final fun remember <T> (calculation: @[DisallowComposableCalls] kotlin.Function0<T of androidx.compose.runtime.ComposablesKt.remember>): T of androidx.compose.runtime.ComposablesKt.remember [inline] declared in androidx.compose.runtime.ComposablesKt' type=androidx.compose.runtime.MutableState<kotlin.String> origin=null
        <T>: androidx.compose.runtime.MutableState<kotlin.String>
        calculation: BLOCK type=kotlin.Function0<androidx.compose.runtime.MutableState<kotlin.String>> origin=LAMBDA
          COMPOSITE type=kotlin.Unit origin=null
          FUNCTION_REFERENCE 'private final fun SignInSignUpScreen$lambda$12 (): androidx.compose.runtime.MutableState<kotlin.String> declared in fin.phoenix.flix.ui.login.LoginKt' type=kotlin.Function0<androidx.compose.runtime.MutableState<kotlin.String>> origin=INLINE_LAMBDA reflectionTarget=null
    VAR PROPERTY_DELEGATE name:passwordVisible$delegate type:androidx.compose.runtime.MutableState<kotlin.Boolean> [val]
      CALL 'public final fun remember <T> (calculation: @[DisallowComposableCalls] kotlin.Function0<T of androidx.compose.runtime.ComposablesKt.remember>): T of androidx.compose.runtime.ComposablesKt.remember [inline] declared in androidx.compose.runtime.ComposablesKt' type=androidx.compose.runtime.MutableState<kotlin.Boolean> origin=null
        <T>: androidx.compose.runtime.MutableState<kotlin.Boolean>
        calculation: BLOCK type=kotlin.Function0<androidx.compose.runtime.MutableState<kotlin.Boolean>> origin=LAMBDA
          COMPOSITE type=kotlin.Unit origin=null
          FUNCTION_REFERENCE 'private final fun SignInSignUpScreen$lambda$15 (): androidx.compose.runtime.MutableState<kotlin.Boolean> declared in fin.phoenix.flix.ui.login.LoginKt' type=kotlin.Function0<androidx.compose.runtime.MutableState<kotlin.Boolean>> origin=INLINE_LAMBDA reflectionTarget=null
    VAR PROPERTY_DELEGATE name:isLoading$delegate type:androidx.compose.runtime.MutableState<kotlin.Boolean> [val]
      CALL 'public final fun remember <T> (calculation: @[DisallowComposableCalls] kotlin.Function0<T of androidx.compose.runtime.ComposablesKt.remember>): T of androidx.compose.runtime.ComposablesKt.remember [inline] declared in androidx.compose.runtime.ComposablesKt' type=androidx.compose.runtime.MutableState<kotlin.Boolean> origin=null
        <T>: androidx.compose.runtime.MutableState<kotlin.Boolean>
        calculation: BLOCK type=kotlin.Function0<androidx.compose.runtime.MutableState<kotlin.Boolean>> origin=LAMBDA
          COMPOSITE type=kotlin.Unit origin=null
          FUNCTION_REFERENCE 'private final fun SignInSignUpScreen$lambda$18 (): androidx.compose.runtime.MutableState<kotlin.Boolean> declared in fin.phoenix.flix.ui.login.LoginKt' type=kotlin.Function0<androidx.compose.runtime.MutableState<kotlin.Boolean>> origin=INLINE_LAMBDA reflectionTarget=null
    VAR PROPERTY_DELEGATE name:countdown$delegate type:androidx.compose.runtime.MutableIntState [val]
      CALL 'public final fun remember <T> (calculation: @[DisallowComposableCalls] kotlin.Function0<T of androidx.compose.runtime.ComposablesKt.remember>): T of androidx.compose.runtime.ComposablesKt.remember [inline] declared in androidx.compose.runtime.ComposablesKt' type=androidx.compose.runtime.MutableIntState origin=null
        <T>: androidx.compose.runtime.MutableIntState
        calculation: BLOCK type=kotlin.Function0<androidx.compose.runtime.MutableIntState> origin=LAMBDA
          COMPOSITE type=kotlin.Unit origin=null
          FUNCTION_REFERENCE 'private final fun SignInSignUpScreen$lambda$21 (): androidx.compose.runtime.MutableIntState declared in fin.phoenix.flix.ui.login.LoginKt' type=kotlin.Function0<androidx.compose.runtime.MutableIntState> origin=INLINE_LAMBDA reflectionTarget=null
    CALL 'public final fun LaunchedEffect (key1: kotlin.Any?, block: @[ExtensionFunctionType] kotlin.coroutines.SuspendFunction1<kotlinx.coroutines.CoroutineScope, kotlin.Unit>): kotlin.Unit declared in androidx.compose.runtime.EffectsKt' type=kotlin.Unit origin=null
      key1: CALL 'private final fun SignInSignUpScreen$lambda$22 ($countdown$delegate: androidx.compose.runtime.MutableIntState): kotlin.Int declared in fin.phoenix.flix.ui.login.LoginKt' type=kotlin.Int origin=GET_LOCAL_PROPERTY
        $countdown$delegate: GET_VAR 'val countdown$delegate: androidx.compose.runtime.MutableIntState [val] declared in fin.phoenix.flix.ui.login.LoginKt.SignInSignUpScreen' type=androidx.compose.runtime.MutableIntState origin=null
      block: BLOCK type=fin.phoenix.flix.ui.login.LoginKt.SignInSignUpScreen.<no name provided> origin=null
        CLASS SUSPEND_LAMBDA CLASS name:<no name provided> modality:FINAL visibility:public/*package*/ superTypes:[kotlin.coroutines.jvm.internal.SuspendLambda; kotlin.jvm.functions.Function2<kotlinx.coroutines.CoroutineScope, kotlin.coroutines.Continuation<kotlin.Unit>?, kotlin.Any?>]
          $this: VALUE_PARAMETER INSTANCE_RECEIVER name:<this> type:fin.phoenix.flix.ui.login.LoginKt.SignInSignUpScreen.<no name provided>
          FIELD name:label type:kotlin.Int visibility:public/*package*/
          CONSTRUCTOR SUSPEND_LAMBDA visibility:public/*package*/ <> ($countdown$delegate:androidx.compose.runtime.MutableIntState, $completion:kotlin.coroutines.Continuation<fin.phoenix.flix.ui.login.LoginKt.SignInSignUpScreen.<no name provided>>?) returnType:fin.phoenix.flix.ui.login.LoginKt.SignInSignUpScreen.<no name provided> [primary]
            VALUE_PARAMETER BOUND_VALUE_PARAMETER name:$countdown$delegate index:0 type:androidx.compose.runtime.MutableIntState
            VALUE_PARAMETER name:$completion index:1 type:kotlin.coroutines.Continuation<fin.phoenix.flix.ui.login.LoginKt.SignInSignUpScreen.<no name provided>>?
            BLOCK_BODY
              SET_FIELD 'FIELD FIELD_FOR_CAPTURED_VALUE name:$countdown$delegate type:androidx.compose.runtime.MutableIntState visibility:public/*package*/ [final] declared in fin.phoenix.flix.ui.login.LoginKt.SignInSignUpScreen.<no name provided>' type=kotlin.Unit origin=INITIALIZER_OF_FIELD_FOR_CAPTURED_VALUE
                receiver: GET_VAR '<this>: fin.phoenix.flix.ui.login.LoginKt.SignInSignUpScreen.<no name provided> declared in fin.phoenix.flix.ui.login.LoginKt.SignInSignUpScreen.<no name provided>' type=fin.phoenix.flix.ui.login.LoginKt.SignInSignUpScreen.<no name provided> origin=null
                value: GET_VAR '$countdown$delegate: androidx.compose.runtime.MutableIntState declared in fin.phoenix.flix.ui.login.LoginKt.SignInSignUpScreen.<no name provided>.<init>' type=androidx.compose.runtime.MutableIntState origin=null
              DELEGATING_CONSTRUCTOR_CALL 'public constructor <init> (arity: kotlin.Int, $completion: kotlin.coroutines.Continuation<kotlin.Any?>?) declared in kotlin.coroutines.jvm.internal.SuspendLambda'
                arity: CONST Int type=kotlin.Int value=2
                $completion: GET_VAR '$completion: kotlin.coroutines.Continuation<fin.phoenix.flix.ui.login.LoginKt.SignInSignUpScreen.<no name provided>>? declared in fin.phoenix.flix.ui.login.LoginKt.SignInSignUpScreen.<no name provided>.<init>' type=kotlin.coroutines.Continuation<fin.phoenix.flix.ui.login.LoginKt.SignInSignUpScreen.<no name provided>>? origin=null
              BLOCK type=kotlin.Unit origin=null
          FUN name:invokeSuspend visibility:public modality:FINAL <> ($this:fin.phoenix.flix.ui.login.LoginKt.SignInSignUpScreen.<no name provided>, $result:kotlin.Result<kotlin.Any?>) returnType:kotlin.Any?
            overridden:
              protected abstract fun invokeSuspend ($result: kotlin.Result<kotlin.Any?>): kotlin.Any? declared in kotlin.coroutines.jvm.internal.SuspendLambda
            $this: VALUE_PARAMETER INSTANCE_RECEIVER name:<this> type:fin.phoenix.flix.ui.login.LoginKt.SignInSignUpScreen.<no name provided>
            VALUE_PARAMETER name:$result index:0 type:kotlin.Result<kotlin.Any?>
            BLOCK_BODY
              WHEN type=kotlin.Unit origin=IF
                BRANCH
                  if: CALL 'public final fun greater (arg0: kotlin.Int, arg1: kotlin.Int): kotlin.Boolean declared in kotlin.internal.ir' type=kotlin.Boolean origin=GT
                    arg0: CALL 'public final fun access$SignInSignUpScreen$lambda$22 ($countdown$delegate: androidx.compose.runtime.MutableIntState): kotlin.Int declared in fin.phoenix.flix.ui.login.LoginKt' type=kotlin.Int origin=GET_LOCAL_PROPERTY
                      $countdown$delegate: GET_FIELD 'FIELD FIELD_FOR_CAPTURED_VALUE name:$countdown$delegate type:androidx.compose.runtime.MutableIntState visibility:public/*package*/ [final] declared in fin.phoenix.flix.ui.login.LoginKt.SignInSignUpScreen.<no name provided>' type=androidx.compose.runtime.MutableIntState origin=null
                        receiver: GET_VAR '<this>: fin.phoenix.flix.ui.login.LoginKt.SignInSignUpScreen.<no name provided> declared in fin.phoenix.flix.ui.login.LoginKt.SignInSignUpScreen.<no name provided>.invokeSuspend' type=fin.phoenix.flix.ui.login.LoginKt.SignInSignUpScreen.<no name provided> origin=null
                    arg1: CONST Int type=kotlin.Int value=0
                  then: COMPOSITE type=kotlin.Unit origin=null
                    BLOCK type=kotlin.Int origin=null
                      CALL 'public final fun delay (timeMillis: kotlin.Long, $completion: kotlin.coroutines.Continuation<kotlin.Unit>): kotlin.Any? [suspend] declared in kotlinx.coroutines.DelayKt' type=kotlin.Unit origin=null
                        timeMillis: CONST Long type=kotlin.Long value=1000
                        $completion: GET_VAR '<this>: fin.phoenix.flix.ui.login.LoginKt.SignInSignUpScreen.<no name provided> declared in fin.phoenix.flix.ui.login.LoginKt.SignInSignUpScreen.<no name provided>.invokeSuspend' type=fin.phoenix.flix.ui.login.LoginKt.SignInSignUpScreen.<no name provided> origin=null
                      BLOCK type=kotlin.Int origin=POSTFIX_DECR
                        VAR IR_TEMPORARY_VARIABLE name:<unary> type:kotlin.Int [val]
                          CALL 'public final fun access$SignInSignUpScreen$lambda$22 ($countdown$delegate: androidx.compose.runtime.MutableIntState): kotlin.Int declared in fin.phoenix.flix.ui.login.LoginKt' type=kotlin.Int origin=GET_LOCAL_PROPERTY
                            $countdown$delegate: GET_FIELD 'FIELD FIELD_FOR_CAPTURED_VALUE name:$countdown$delegate type:androidx.compose.runtime.MutableIntState visibility:public/*package*/ [final] declared in fin.phoenix.flix.ui.login.LoginKt.SignInSignUpScreen.<no name provided>' type=androidx.compose.runtime.MutableIntState origin=null
                              receiver: GET_VAR '<this>: fin.phoenix.flix.ui.login.LoginKt.SignInSignUpScreen.<no name provided> declared in fin.phoenix.flix.ui.login.LoginKt.SignInSignUpScreen.<no name provided>.invokeSuspend' type=fin.phoenix.flix.ui.login.LoginKt.SignInSignUpScreen.<no name provided> origin=null
                        CALL 'public final fun access$SignInSignUpScreen$lambda$23 ($countdown$delegate: androidx.compose.runtime.MutableIntState, <set-?>: kotlin.Int): kotlin.Unit declared in fin.phoenix.flix.ui.login.LoginKt' type=kotlin.Unit origin=POSTFIX_DECR
                          $countdown$delegate: GET_FIELD 'FIELD FIELD_FOR_CAPTURED_VALUE name:$countdown$delegate type:androidx.compose.runtime.MutableIntState visibility:public/*package*/ [final] declared in fin.phoenix.flix.ui.login.LoginKt.SignInSignUpScreen.<no name provided>' type=androidx.compose.runtime.MutableIntState origin=null
                            receiver: GET_VAR '<this>: fin.phoenix.flix.ui.login.LoginKt.SignInSignUpScreen.<no name provided> declared in fin.phoenix.flix.ui.login.LoginKt.SignInSignUpScreen.<no name provided>.invokeSuspend' type=fin.phoenix.flix.ui.login.LoginKt.SignInSignUpScreen.<no name provided> origin=null
                          <set-?>: CALL 'public final fun dec (): kotlin.Int [operator] declared in kotlin.Int' type=kotlin.Int origin=POSTFIX_DECR
                            $this: GET_VAR 'val <unary>: kotlin.Int [val] declared in fin.phoenix.flix.ui.login.LoginKt.SignInSignUpScreen.<no name provided>.invokeSuspend' type=kotlin.Int origin=null
                        GET_VAR 'val <unary>: kotlin.Int [val] declared in fin.phoenix.flix.ui.login.LoginKt.SignInSignUpScreen.<no name provided>.invokeSuspend' type=kotlin.Int origin=null
                    COMPOSITE type=kotlin.Unit origin=null
          FUN name:create visibility:public modality:FINAL <> ($this:fin.phoenix.flix.ui.login.LoginKt.SignInSignUpScreen.<no name provided>, value:kotlin.Any?, $completion:kotlin.coroutines.Continuation<kotlin.Nothing>) returnType:kotlin.coroutines.Continuation<kotlin.Unit>
            overridden:
              public open fun create (value: kotlin.Any?, $completion: kotlin.coroutines.Continuation<kotlin.Nothing>): kotlin.coroutines.Continuation<kotlin.Unit> declared in kotlin.coroutines.jvm.internal.SuspendLambda
            $this: VALUE_PARAMETER INSTANCE_RECEIVER name:<this> type:fin.phoenix.flix.ui.login.LoginKt.SignInSignUpScreen.<no name provided>
            VALUE_PARAMETER name:value index:0 type:kotlin.Any?
            VALUE_PARAMETER name:$completion index:1 type:kotlin.coroutines.Continuation<kotlin.Nothing>
            BLOCK_BODY
              RETURN type=kotlin.Nothing from='public final fun create (value: kotlin.Any?, $completion: kotlin.coroutines.Continuation<kotlin.Nothing>): kotlin.coroutines.Continuation<kotlin.Unit> declared in fin.phoenix.flix.ui.login.LoginKt.SignInSignUpScreen.<no name provided>'
                CONSTRUCTOR_CALL 'public/*package*/ constructor <init> ($countdown$delegate: androidx.compose.runtime.MutableIntState, $completion: kotlin.coroutines.Continuation<fin.phoenix.flix.ui.login.LoginKt.SignInSignUpScreen.<no name provided>>?) [primary] declared in fin.phoenix.flix.ui.login.LoginKt.SignInSignUpScreen.<no name provided>' type=fin.phoenix.flix.ui.login.LoginKt.SignInSignUpScreen.<no name provided> origin=null
                  $countdown$delegate: GET_FIELD 'FIELD FIELD_FOR_CAPTURED_VALUE name:$countdown$delegate type:androidx.compose.runtime.MutableIntState visibility:public/*package*/ [final] declared in fin.phoenix.flix.ui.login.LoginKt.SignInSignUpScreen.<no name provided>' type=androidx.compose.runtime.MutableIntState origin=null
                    receiver: GET_VAR '<this>: fin.phoenix.flix.ui.login.LoginKt.SignInSignUpScreen.<no name provided> declared in fin.phoenix.flix.ui.login.LoginKt.SignInSignUpScreen.<no name provided>.create' type=fin.phoenix.flix.ui.login.LoginKt.SignInSignUpScreen.<no name provided> origin=null
                  $completion: GET_VAR '$completion: kotlin.coroutines.Continuation<kotlin.Nothing> declared in fin.phoenix.flix.ui.login.LoginKt.SignInSignUpScreen.<no name provided>.create' type=kotlin.coroutines.Continuation<kotlin.Nothing> origin=null
          FUN name:invoke visibility:public modality:FINAL <> ($this:fin.phoenix.flix.ui.login.LoginKt.SignInSignUpScreen.<no name provided>, p1:kotlinx.coroutines.CoroutineScope, p2:kotlin.coroutines.Continuation<kotlin.Unit>?) returnType:kotlin.Any?
            overridden:
              public abstract fun invoke (p1: P1 of kotlin.jvm.functions.Function2, p2: P2 of kotlin.jvm.functions.Function2): R of kotlin.jvm.functions.Function2 declared in kotlin.jvm.functions.Function2
            $this: VALUE_PARAMETER INSTANCE_RECEIVER name:<this> type:fin.phoenix.flix.ui.login.LoginKt.SignInSignUpScreen.<no name provided>
            VALUE_PARAMETER name:p1 index:0 type:kotlinx.coroutines.CoroutineScope
            VALUE_PARAMETER name:p2 index:1 type:kotlin.coroutines.Continuation<kotlin.Unit>?
            BLOCK_BODY
              RETURN type=kotlin.Nothing from='public final fun invoke (p1: kotlinx.coroutines.CoroutineScope, p2: kotlin.coroutines.Continuation<kotlin.Unit>?): kotlin.Any? declared in fin.phoenix.flix.ui.login.LoginKt.SignInSignUpScreen.<no name provided>'
                CALL 'public final fun invokeSuspend ($result: kotlin.Result<kotlin.Any?>): kotlin.Any? declared in fin.phoenix.flix.ui.login.LoginKt.SignInSignUpScreen.<no name provided>' type=kotlin.Any? origin=null
                  $this: TYPE_OP type=fin.phoenix.flix.ui.login.LoginKt.SignInSignUpScreen.<no name provided> origin=IMPLICIT_CAST typeOperand=fin.phoenix.flix.ui.login.LoginKt.SignInSignUpScreen.<no name provided>
                    CALL 'public final fun create (value: kotlin.Any?, $completion: kotlin.coroutines.Continuation<kotlin.Nothing>): kotlin.coroutines.Continuation<kotlin.Unit> declared in fin.phoenix.flix.ui.login.LoginKt.SignInSignUpScreen.<no name provided>' type=kotlin.coroutines.Continuation<kotlin.Unit> origin=null
                      $this: GET_VAR '<this>: fin.phoenix.flix.ui.login.LoginKt.SignInSignUpScreen.<no name provided> declared in fin.phoenix.flix.ui.login.LoginKt.SignInSignUpScreen.<no name provided>.invoke' type=fin.phoenix.flix.ui.login.LoginKt.SignInSignUpScreen.<no name provided> origin=null
                      value: GET_VAR 'p1: kotlinx.coroutines.CoroutineScope declared in fin.phoenix.flix.ui.login.LoginKt.SignInSignUpScreen.<no name provided>.invoke' type=kotlinx.coroutines.CoroutineScope origin=null
                      $completion: GET_VAR 'p2: kotlin.coroutines.Continuation<kotlin.Unit>? declared in fin.phoenix.flix.ui.login.LoginKt.SignInSignUpScreen.<no name provided>.invoke' type=kotlin.coroutines.Continuation<kotlin.Unit>? origin=null
                  $result: CALL 'public final fun <unsafe-coerce> <T, R> (v: T of kotlin.jvm.internal.<unsafe-coerce>): R of kotlin.jvm.internal.<unsafe-coerce> declared in kotlin.jvm.internal' type=kotlin.Result<kotlin.Any?> origin=null
                    <T>: kotlin.Any?
                    <R>: kotlin.Result<kotlin.Any?>
                    v: GET_FIELD 'FIELD FIELD_FOR_OBJECT_INSTANCE name:INSTANCE type:kotlin.Unit visibility:public [final,static] declared in kotlin.Unit' type=kotlin.Unit origin=null
          FIELD FIELD_FOR_CAPTURED_VALUE name:$countdown$delegate type:androidx.compose.runtime.MutableIntState visibility:public/*package*/ [final]
          FUN BRIDGE name:invoke visibility:public modality:OPEN <> ($this:fin.phoenix.flix.ui.login.LoginKt.SignInSignUpScreen.<no name provided>, p1:kotlin.Any?, p2:kotlin.Any?) returnType:kotlin.Any?
            $this: VALUE_PARAMETER INSTANCE_RECEIVER name:<this> type:fin.phoenix.flix.ui.login.LoginKt.SignInSignUpScreen.<no name provided>
            VALUE_PARAMETER BRIDGE name:p1 index:0 type:kotlin.Any?
            VALUE_PARAMETER BRIDGE name:p2 index:1 type:kotlin.Any?
            EXPRESSION_BODY
              RETURN type=kotlin.Nothing from='public open fun invoke (p1: kotlin.Any?, p2: kotlin.Any?): kotlin.Any? declared in fin.phoenix.flix.ui.login.LoginKt.SignInSignUpScreen.<no name provided>'
                CALL 'public final fun invoke (p1: kotlinx.coroutines.CoroutineScope, p2: kotlin.coroutines.Continuation<kotlin.Unit>?): kotlin.Any? declared in fin.phoenix.flix.ui.login.LoginKt.SignInSignUpScreen.<no name provided>' type=kotlin.Any? origin=BRIDGE_DELEGATION
                  $this: GET_VAR '<this>: fin.phoenix.flix.ui.login.LoginKt.SignInSignUpScreen.<no name provided> declared in fin.phoenix.flix.ui.login.LoginKt.SignInSignUpScreen.<no name provided>.invoke' type=fin.phoenix.flix.ui.login.LoginKt.SignInSignUpScreen.<no name provided> origin=null
                  p1: TYPE_OP type=kotlinx.coroutines.CoroutineScope origin=IMPLICIT_CAST typeOperand=kotlinx.coroutines.CoroutineScope
                    GET_VAR 'p1: kotlin.Any? declared in fin.phoenix.flix.ui.login.LoginKt.SignInSignUpScreen.<no name provided>.invoke' type=kotlin.Any? origin=null
                  p2: TYPE_OP type=kotlin.coroutines.Continuation<*> origin=IMPLICIT_CAST typeOperand=kotlin.coroutines.Continuation<*>
                    GET_VAR 'p2: kotlin.Any? declared in fin.phoenix.flix.ui.login.LoginKt.SignInSignUpScreen.<no name provided>.invoke' type=kotlin.Any? origin=null
        CONSTRUCTOR_CALL 'public/*package*/ constructor <init> ($countdown$delegate: androidx.compose.runtime.MutableIntState, $completion: kotlin.coroutines.Continuation<fin.phoenix.flix.ui.login.LoginKt.SignInSignUpScreen.<no name provided>>?) [primary] declared in fin.phoenix.flix.ui.login.LoginKt.SignInSignUpScreen.<no name provided>' type=fin.phoenix.flix.ui.login.LoginKt.SignInSignUpScreen.<no name provided> origin=null
          $countdown$delegate: GET_VAR 'val countdown$delegate: androidx.compose.runtime.MutableIntState [val] declared in fin.phoenix.flix.ui.login.LoginKt.SignInSignUpScreen' type=androidx.compose.runtime.MutableIntState origin=null
          $completion: CONST Null type=kotlin.Nothing? value=null
    VAR name:buttonScale type:androidx.compose.animation.core.Animatable<kotlin.Float, androidx.compose.animation.core.AnimationVector1D> [val]
      CALL 'public final fun remember <T> (calculation: @[DisallowComposableCalls] kotlin.Function0<T of androidx.compose.runtime.ComposablesKt.remember>): T of androidx.compose.runtime.ComposablesKt.remember [inline] declared in androidx.compose.runtime.ComposablesKt' type=androidx.compose.animation.core.Animatable<kotlin.Float, androidx.compose.animation.core.AnimationVector1D> origin=null
        <T>: androidx.compose.animation.core.Animatable<kotlin.Float, androidx.compose.animation.core.AnimationVector1D>
        calculation: BLOCK type=kotlin.Function0<androidx.compose.animation.core.Animatable<kotlin.Float, androidx.compose.animation.core.AnimationVector1D>> origin=LAMBDA
          COMPOSITE type=kotlin.Unit origin=null
          FUNCTION_REFERENCE 'private final fun SignInSignUpScreen$lambda$24 (): androidx.compose.animation.core.Animatable<kotlin.Float, androidx.compose.animation.core.AnimationVector1D> declared in fin.phoenix.flix.ui.login.LoginKt' type=kotlin.Function0<androidx.compose.animation.core.Animatable<kotlin.Float, androidx.compose.animation.core.AnimationVector1D>> origin=INLINE_LAMBDA reflectionTarget=null
    CALL 'public final fun LaunchedEffect (key1: kotlin.Any?, block: @[ExtensionFunctionType] kotlin.coroutines.SuspendFunction1<kotlinx.coroutines.CoroutineScope, kotlin.Unit>): kotlin.Unit declared in androidx.compose.runtime.EffectsKt' type=kotlin.Unit origin=null
      key1: GET_FIELD 'FIELD FIELD_FOR_OBJECT_INSTANCE name:INSTANCE type:kotlin.Unit visibility:public [final,static] declared in kotlin.Unit' type=kotlin.Unit origin=null
      block: BLOCK type=fin.phoenix.flix.ui.login.LoginKt.SignInSignUpScreen.<no name provided> origin=null
        CLASS SUSPEND_LAMBDA CLASS name:<no name provided> modality:FINAL visibility:public/*package*/ superTypes:[kotlin.coroutines.jvm.internal.SuspendLambda; kotlin.jvm.functions.Function2<kotlinx.coroutines.CoroutineScope, kotlin.coroutines.Continuation<kotlin.Unit>?, kotlin.Any?>]
          $this: VALUE_PARAMETER INSTANCE_RECEIVER name:<this> type:fin.phoenix.flix.ui.login.LoginKt.SignInSignUpScreen.<no name provided>
          FIELD name:label type:kotlin.Int visibility:public/*package*/
          CONSTRUCTOR SUSPEND_LAMBDA visibility:public/*package*/ <> ($buttonScale:androidx.compose.animation.core.Animatable<kotlin.Float, androidx.compose.animation.core.AnimationVector1D>, $completion:kotlin.coroutines.Continuation<fin.phoenix.flix.ui.login.LoginKt.SignInSignUpScreen.<no name provided>>?) returnType:fin.phoenix.flix.ui.login.LoginKt.SignInSignUpScreen.<no name provided> [primary]
            VALUE_PARAMETER BOUND_VALUE_PARAMETER name:$buttonScale index:0 type:androidx.compose.animation.core.Animatable<kotlin.Float, androidx.compose.animation.core.AnimationVector1D>
            VALUE_PARAMETER name:$completion index:1 type:kotlin.coroutines.Continuation<fin.phoenix.flix.ui.login.LoginKt.SignInSignUpScreen.<no name provided>>?
            BLOCK_BODY
              SET_FIELD 'FIELD FIELD_FOR_CAPTURED_VALUE name:$buttonScale type:androidx.compose.animation.core.Animatable<kotlin.Float, androidx.compose.animation.core.AnimationVector1D> visibility:public/*package*/ [final] declared in fin.phoenix.flix.ui.login.LoginKt.SignInSignUpScreen.<no name provided>' type=kotlin.Unit origin=INITIALIZER_OF_FIELD_FOR_CAPTURED_VALUE
                receiver: GET_VAR '<this>: fin.phoenix.flix.ui.login.LoginKt.SignInSignUpScreen.<no name provided> declared in fin.phoenix.flix.ui.login.LoginKt.SignInSignUpScreen.<no name provided>' type=fin.phoenix.flix.ui.login.LoginKt.SignInSignUpScreen.<no name provided> origin=null
                value: GET_VAR '$buttonScale: androidx.compose.animation.core.Animatable<kotlin.Float, androidx.compose.animation.core.AnimationVector1D> declared in fin.phoenix.flix.ui.login.LoginKt.SignInSignUpScreen.<no name provided>.<init>' type=androidx.compose.animation.core.Animatable<kotlin.Float, androidx.compose.animation.core.AnimationVector1D> origin=null
              DELEGATING_CONSTRUCTOR_CALL 'public constructor <init> (arity: kotlin.Int, $completion: kotlin.coroutines.Continuation<kotlin.Any?>?) declared in kotlin.coroutines.jvm.internal.SuspendLambda'
                arity: CONST Int type=kotlin.Int value=2
                $completion: GET_VAR '$completion: kotlin.coroutines.Continuation<fin.phoenix.flix.ui.login.LoginKt.SignInSignUpScreen.<no name provided>>? declared in fin.phoenix.flix.ui.login.LoginKt.SignInSignUpScreen.<no name provided>.<init>' type=kotlin.coroutines.Continuation<fin.phoenix.flix.ui.login.LoginKt.SignInSignUpScreen.<no name provided>>? origin=null
              BLOCK type=kotlin.Unit origin=null
          FUN name:invokeSuspend visibility:public modality:FINAL <> ($this:fin.phoenix.flix.ui.login.LoginKt.SignInSignUpScreen.<no name provided>, $result:kotlin.Result<kotlin.Any?>) returnType:kotlin.Any?
            overridden:
              protected abstract fun invokeSuspend ($result: kotlin.Result<kotlin.Any?>): kotlin.Any? declared in kotlin.coroutines.jvm.internal.SuspendLambda
            $this: VALUE_PARAMETER INSTANCE_RECEIVER name:<this> type:fin.phoenix.flix.ui.login.LoginKt.SignInSignUpScreen.<no name provided>
            VALUE_PARAMETER name:$result index:0 type:kotlin.Result<kotlin.Any?>
            BLOCK_BODY
              WHILE label=LoginKt$SignInSignUpScreen$<no name provided>$invokeSuspend1 origin=WHILE_LOOP
                condition: CONST Boolean type=kotlin.Boolean value=true
                body: BLOCK type=kotlin.Unit origin=null
                  COMPOSITE type=kotlin.Unit origin=null
                    TYPE_OP type=androidx.compose.animation.core.AnimationResult<kotlin.Float, androidx.compose.animation.core.AnimationVector1D> origin=IMPLICIT_CAST typeOperand=androidx.compose.animation.core.AnimationResult<kotlin.Float, androidx.compose.animation.core.AnimationVector1D>
                      CALL 'public final fun animateTo$default ($this: androidx.compose.animation.core.Animatable<T of androidx.compose.animation.core.Animatable, V of androidx.compose.animation.core.Animatable>, targetValue: T of androidx.compose.animation.core.Animatable, animationSpec: androidx.compose.animation.core.AnimationSpec<T of androidx.compose.animation.core.Animatable>?, initialVelocity: T of androidx.compose.animation.core.Animatable?, block: @[ExtensionFunctionType] kotlin.Function1<androidx.compose.animation.core.Animatable<T of androidx.compose.animation.core.Animatable, V of androidx.compose.animation.core.Animatable>, kotlin.Unit>?, $completion: kotlin.coroutines.Continuation<androidx.compose.animation.core.AnimationResult<T of androidx.compose.animation.core.Animatable, V of androidx.compose.animation.core.Animatable>>, $mask0: kotlin.Int, $handler: kotlin.Any?): kotlin.Any? [suspend] declared in androidx.compose.animation.core.Animatable' type=androidx.compose.animation.core.AnimationResult<T of androidx.compose.animation.core.Animatable, V of androidx.compose.animation.core.Animatable> origin=DEFAULT_DISPATCH_CALL
                        $this: GET_FIELD 'FIELD FIELD_FOR_CAPTURED_VALUE name:$buttonScale type:androidx.compose.animation.core.Animatable<kotlin.Float, androidx.compose.animation.core.AnimationVector1D> visibility:public/*package*/ [final] declared in fin.phoenix.flix.ui.login.LoginKt.SignInSignUpScreen.<no name provided>' type=androidx.compose.animation.core.Animatable<kotlin.Float, androidx.compose.animation.core.AnimationVector1D> origin=null
                          receiver: GET_VAR '<this>: fin.phoenix.flix.ui.login.LoginKt.SignInSignUpScreen.<no name provided> declared in fin.phoenix.flix.ui.login.LoginKt.SignInSignUpScreen.<no name provided>.invokeSuspend' type=fin.phoenix.flix.ui.login.LoginKt.SignInSignUpScreen.<no name provided> origin=null
                        targetValue: CONST Float type=kotlin.Float value=1.05
                        animationSpec: TYPE_OP type=androidx.compose.animation.core.TweenSpec<kotlin.Float> origin=IMPLICIT_CAST typeOperand=androidx.compose.animation.core.TweenSpec<kotlin.Float>
                          CALL 'public final fun tween$default <T> (durationMillis: kotlin.Int, delayMillis: kotlin.Int, easing: androidx.compose.animation.core.Easing?, $mask0: kotlin.Int, $handler: kotlin.Any?): androidx.compose.animation.core.TweenSpec<T of androidx.compose.animation.core.AnimationSpecKt.tween$default> declared in androidx.compose.animation.core.AnimationSpecKt' type=androidx.compose.animation.core.TweenSpec<T of androidx.compose.animation.core.AnimationSpecKt.tween$default> origin=DEFAULT_DISPATCH_CALL
                            <T>: kotlin.Float
                            durationMillis: CONST Int type=kotlin.Int value=1000
                            delayMillis: COMPOSITE type=kotlin.Int origin=DEFAULT_VALUE
                              CONST Int type=kotlin.Int value=0
                            easing: CALL 'public final fun <get-FastOutSlowInEasing> (): androidx.compose.animation.core.Easing declared in androidx.compose.animation.core.EasingKt' type=androidx.compose.animation.core.Easing origin=GET_PROPERTY
                            $mask0: CONST Int type=kotlin.Int value=2
                            $handler: CONST Null type=kotlin.Any? value=null
                        initialVelocity: COMPOSITE type=T of androidx.compose.animation.core.Animatable? origin=DEFAULT_VALUE
                          CONST Null type=kotlin.Any? value=null
                        block: COMPOSITE type=@[ExtensionFunctionType] kotlin.Function1<androidx.compose.animation.core.Animatable<T of androidx.compose.animation.core.Animatable, V of androidx.compose.animation.core.Animatable>, kotlin.Unit>? origin=DEFAULT_VALUE
                          CONST Null type=@[ExtensionFunctionType] kotlin.Function1<androidx.compose.animation.core.Animatable<T of androidx.compose.animation.core.Animatable, V of androidx.compose.animation.core.Animatable>, kotlin.Unit>? value=null
                        $completion: GET_VAR '<this>: fin.phoenix.flix.ui.login.LoginKt.SignInSignUpScreen.<no name provided> declared in fin.phoenix.flix.ui.login.LoginKt.SignInSignUpScreen.<no name provided>.invokeSuspend' type=fin.phoenix.flix.ui.login.LoginKt.SignInSignUpScreen.<no name provided> origin=null
                        $mask0: CONST Int type=kotlin.Int value=12
                        $handler: CONST Null type=kotlin.Any? value=null
                    COMPOSITE type=kotlin.Unit origin=null
                  COMPOSITE type=kotlin.Unit origin=null
                    TYPE_OP type=androidx.compose.animation.core.AnimationResult<kotlin.Float, androidx.compose.animation.core.AnimationVector1D> origin=IMPLICIT_CAST typeOperand=androidx.compose.animation.core.AnimationResult<kotlin.Float, androidx.compose.animation.core.AnimationVector1D>
                      CALL 'public final fun animateTo$default ($this: androidx.compose.animation.core.Animatable<T of androidx.compose.animation.core.Animatable, V of androidx.compose.animation.core.Animatable>, targetValue: T of androidx.compose.animation.core.Animatable, animationSpec: androidx.compose.animation.core.AnimationSpec<T of androidx.compose.animation.core.Animatable>?, initialVelocity: T of androidx.compose.animation.core.Animatable?, block: @[ExtensionFunctionType] kotlin.Function1<androidx.compose.animation.core.Animatable<T of androidx.compose.animation.core.Animatable, V of androidx.compose.animation.core.Animatable>, kotlin.Unit>?, $completion: kotlin.coroutines.Continuation<androidx.compose.animation.core.AnimationResult<T of androidx.compose.animation.core.Animatable, V of androidx.compose.animation.core.Animatable>>, $mask0: kotlin.Int, $handler: kotlin.Any?): kotlin.Any? [suspend] declared in androidx.compose.animation.core.Animatable' type=androidx.compose.animation.core.AnimationResult<T of androidx.compose.animation.core.Animatable, V of androidx.compose.animation.core.Animatable> origin=DEFAULT_DISPATCH_CALL
                        $this: GET_FIELD 'FIELD FIELD_FOR_CAPTURED_VALUE name:$buttonScale type:androidx.compose.animation.core.Animatable<kotlin.Float, androidx.compose.animation.core.AnimationVector1D> visibility:public/*package*/ [final] declared in fin.phoenix.flix.ui.login.LoginKt.SignInSignUpScreen.<no name provided>' type=androidx.compose.animation.core.Animatable<kotlin.Float, androidx.compose.animation.core.AnimationVector1D> origin=null
                          receiver: GET_VAR '<this>: fin.phoenix.flix.ui.login.LoginKt.SignInSignUpScreen.<no name provided> declared in fin.phoenix.flix.ui.login.LoginKt.SignInSignUpScreen.<no name provided>.invokeSuspend' type=fin.phoenix.flix.ui.login.LoginKt.SignInSignUpScreen.<no name provided> origin=null
                        targetValue: CONST Float type=kotlin.Float value=1.0
                        animationSpec: TYPE_OP type=androidx.compose.animation.core.TweenSpec<kotlin.Float> origin=IMPLICIT_CAST typeOperand=androidx.compose.animation.core.TweenSpec<kotlin.Float>
                          CALL 'public final fun tween$default <T> (durationMillis: kotlin.Int, delayMillis: kotlin.Int, easing: androidx.compose.animation.core.Easing?, $mask0: kotlin.Int, $handler: kotlin.Any?): androidx.compose.animation.core.TweenSpec<T of androidx.compose.animation.core.AnimationSpecKt.tween$default> declared in androidx.compose.animation.core.AnimationSpecKt' type=androidx.compose.animation.core.TweenSpec<T of androidx.compose.animation.core.AnimationSpecKt.tween$default> origin=DEFAULT_DISPATCH_CALL
                            <T>: kotlin.Float
                            durationMillis: CONST Int type=kotlin.Int value=1000
                            delayMillis: COMPOSITE type=kotlin.Int origin=DEFAULT_VALUE
                              CONST Int type=kotlin.Int value=0
                            easing: CALL 'public final fun <get-FastOutSlowInEasing> (): androidx.compose.animation.core.Easing declared in androidx.compose.animation.core.EasingKt' type=androidx.compose.animation.core.Easing origin=GET_PROPERTY
                            $mask0: CONST Int type=kotlin.Int value=2
                            $handler: CONST Null type=kotlin.Any? value=null
                        initialVelocity: COMPOSITE type=T of androidx.compose.animation.core.Animatable? origin=DEFAULT_VALUE
                          CONST Null type=kotlin.Any? value=null
                        block: COMPOSITE type=@[ExtensionFunctionType] kotlin.Function1<androidx.compose.animation.core.Animatable<T of androidx.compose.animation.core.Animatable, V of androidx.compose.animation.core.Animatable>, kotlin.Unit>? origin=DEFAULT_VALUE
                          CONST Null type=@[ExtensionFunctionType] kotlin.Function1<androidx.compose.animation.core.Animatable<T of androidx.compose.animation.core.Animatable, V of androidx.compose.animation.core.Animatable>, kotlin.Unit>? value=null
                        $completion: GET_VAR '<this>: fin.phoenix.flix.ui.login.LoginKt.SignInSignUpScreen.<no name provided> declared in fin.phoenix.flix.ui.login.LoginKt.SignInSignUpScreen.<no name provided>.invokeSuspend' type=fin.phoenix.flix.ui.login.LoginKt.SignInSignUpScreen.<no name provided> origin=null
                        $mask0: CONST Int type=kotlin.Int value=12
                        $handler: CONST Null type=kotlin.Any? value=null
                    COMPOSITE type=kotlin.Unit origin=null
          FUN name:create visibility:public modality:FINAL <> ($this:fin.phoenix.flix.ui.login.LoginKt.SignInSignUpScreen.<no name provided>, value:kotlin.Any?, $completion:kotlin.coroutines.Continuation<kotlin.Nothing>) returnType:kotlin.coroutines.Continuation<kotlin.Unit>
            overridden:
              public open fun create (value: kotlin.Any?, $completion: kotlin.coroutines.Continuation<kotlin.Nothing>): kotlin.coroutines.Continuation<kotlin.Unit> declared in kotlin.coroutines.jvm.internal.SuspendLambda
            $this: VALUE_PARAMETER INSTANCE_RECEIVER name:<this> type:fin.phoenix.flix.ui.login.LoginKt.SignInSignUpScreen.<no name provided>
            VALUE_PARAMETER name:value index:0 type:kotlin.Any?
            VALUE_PARAMETER name:$completion index:1 type:kotlin.coroutines.Continuation<kotlin.Nothing>
            BLOCK_BODY
              RETURN type=kotlin.Nothing from='public final fun create (value: kotlin.Any?, $completion: kotlin.coroutines.Continuation<kotlin.Nothing>): kotlin.coroutines.Continuation<kotlin.Unit> declared in fin.phoenix.flix.ui.login.LoginKt.SignInSignUpScreen.<no name provided>'
                CONSTRUCTOR_CALL 'public/*package*/ constructor <init> ($buttonScale: androidx.compose.animation.core.Animatable<kotlin.Float, androidx.compose.animation.core.AnimationVector1D>, $completion: kotlin.coroutines.Continuation<fin.phoenix.flix.ui.login.LoginKt.SignInSignUpScreen.<no name provided>>?) [primary] declared in fin.phoenix.flix.ui.login.LoginKt.SignInSignUpScreen.<no name provided>' type=fin.phoenix.flix.ui.login.LoginKt.SignInSignUpScreen.<no name provided> origin=null
                  $buttonScale: GET_FIELD 'FIELD FIELD_FOR_CAPTURED_VALUE name:$buttonScale type:androidx.compose.animation.core.Animatable<kotlin.Float, androidx.compose.animation.core.AnimationVector1D> visibility:public/*package*/ [final] declared in fin.phoenix.flix.ui.login.LoginKt.SignInSignUpScreen.<no name provided>' type=androidx.compose.animation.core.Animatable<kotlin.Float, androidx.compose.animation.core.AnimationVector1D> origin=null
                    receiver: GET_VAR '<this>: fin.phoenix.flix.ui.login.LoginKt.SignInSignUpScreen.<no name provided> declared in fin.phoenix.flix.ui.login.LoginKt.SignInSignUpScreen.<no name provided>.create' type=fin.phoenix.flix.ui.login.LoginKt.SignInSignUpScreen.<no name provided> origin=null
                  $completion: GET_VAR '$completion: kotlin.coroutines.Continuation<kotlin.Nothing> declared in fin.phoenix.flix.ui.login.LoginKt.SignInSignUpScreen.<no name provided>.create' type=kotlin.coroutines.Continuation<kotlin.Nothing> origin=null
          FUN name:invoke visibility:public modality:FINAL <> ($this:fin.phoenix.flix.ui.login.LoginKt.SignInSignUpScreen.<no name provided>, p1:kotlinx.coroutines.CoroutineScope, p2:kotlin.coroutines.Continuation<kotlin.Unit>?) returnType:kotlin.Any?
            overridden:
              public abstract fun invoke (p1: P1 of kotlin.jvm.functions.Function2, p2: P2 of kotlin.jvm.functions.Function2): R of kotlin.jvm.functions.Function2 declared in kotlin.jvm.functions.Function2
            $this: VALUE_PARAMETER INSTANCE_RECEIVER name:<this> type:fin.phoenix.flix.ui.login.LoginKt.SignInSignUpScreen.<no name provided>
            VALUE_PARAMETER name:p1 index:0 type:kotlinx.coroutines.CoroutineScope
            VALUE_PARAMETER name:p2 index:1 type:kotlin.coroutines.Continuation<kotlin.Unit>?
            BLOCK_BODY
              RETURN type=kotlin.Nothing from='public final fun invoke (p1: kotlinx.coroutines.CoroutineScope, p2: kotlin.coroutines.Continuation<kotlin.Unit>?): kotlin.Any? declared in fin.phoenix.flix.ui.login.LoginKt.SignInSignUpScreen.<no name provided>'
                CALL 'public final fun invokeSuspend ($result: kotlin.Result<kotlin.Any?>): kotlin.Any? declared in fin.phoenix.flix.ui.login.LoginKt.SignInSignUpScreen.<no name provided>' type=kotlin.Any? origin=null
                  $this: TYPE_OP type=fin.phoenix.flix.ui.login.LoginKt.SignInSignUpScreen.<no name provided> origin=IMPLICIT_CAST typeOperand=fin.phoenix.flix.ui.login.LoginKt.SignInSignUpScreen.<no name provided>
                    CALL 'public final fun create (value: kotlin.Any?, $completion: kotlin.coroutines.Continuation<kotlin.Nothing>): kotlin.coroutines.Continuation<kotlin.Unit> declared in fin.phoenix.flix.ui.login.LoginKt.SignInSignUpScreen.<no name provided>' type=kotlin.coroutines.Continuation<kotlin.Unit> origin=null
                      $this: GET_VAR '<this>: fin.phoenix.flix.ui.login.LoginKt.SignInSignUpScreen.<no name provided> declared in fin.phoenix.flix.ui.login.LoginKt.SignInSignUpScreen.<no name provided>.invoke' type=fin.phoenix.flix.ui.login.LoginKt.SignInSignUpScreen.<no name provided> origin=null
                      value: GET_VAR 'p1: kotlinx.coroutines.CoroutineScope declared in fin.phoenix.flix.ui.login.LoginKt.SignInSignUpScreen.<no name provided>.invoke' type=kotlinx.coroutines.CoroutineScope origin=null
                      $completion: GET_VAR 'p2: kotlin.coroutines.Continuation<kotlin.Unit>? declared in fin.phoenix.flix.ui.login.LoginKt.SignInSignUpScreen.<no name provided>.invoke' type=kotlin.coroutines.Continuation<kotlin.Unit>? origin=null
                  $result: CALL 'public final fun <unsafe-coerce> <T, R> (v: T of kotlin.jvm.internal.<unsafe-coerce>): R of kotlin.jvm.internal.<unsafe-coerce> declared in kotlin.jvm.internal' type=kotlin.Result<kotlin.Any?> origin=null
                    <T>: kotlin.Any?
                    <R>: kotlin.Result<kotlin.Any?>
                    v: GET_FIELD 'FIELD FIELD_FOR_OBJECT_INSTANCE name:INSTANCE type:kotlin.Unit visibility:public [final,static] declared in kotlin.Unit' type=kotlin.Unit origin=null
          FIELD FIELD_FOR_CAPTURED_VALUE name:$buttonScale type:androidx.compose.animation.core.Animatable<kotlin.Float, androidx.compose.animation.core.AnimationVector1D> visibility:public/*package*/ [final]
          FUN BRIDGE name:invoke visibility:public modality:OPEN <> ($this:fin.phoenix.flix.ui.login.LoginKt.SignInSignUpScreen.<no name provided>, p1:kotlin.Any?, p2:kotlin.Any?) returnType:kotlin.Any?
            $this: VALUE_PARAMETER INSTANCE_RECEIVER name:<this> type:fin.phoenix.flix.ui.login.LoginKt.SignInSignUpScreen.<no name provided>
            VALUE_PARAMETER BRIDGE name:p1 index:0 type:kotlin.Any?
            VALUE_PARAMETER BRIDGE name:p2 index:1 type:kotlin.Any?
            EXPRESSION_BODY
              RETURN type=kotlin.Nothing from='public open fun invoke (p1: kotlin.Any?, p2: kotlin.Any?): kotlin.Any? declared in fin.phoenix.flix.ui.login.LoginKt.SignInSignUpScreen.<no name provided>'
                CALL 'public final fun invoke (p1: kotlinx.coroutines.CoroutineScope, p2: kotlin.coroutines.Continuation<kotlin.Unit>?): kotlin.Any? declared in fin.phoenix.flix.ui.login.LoginKt.SignInSignUpScreen.<no name provided>' type=kotlin.Any? origin=BRIDGE_DELEGATION
                  $this: GET_VAR '<this>: fin.phoenix.flix.ui.login.LoginKt.SignInSignUpScreen.<no name provided> declared in fin.phoenix.flix.ui.login.LoginKt.SignInSignUpScreen.<no name provided>.invoke' type=fin.phoenix.flix.ui.login.LoginKt.SignInSignUpScreen.<no name provided> origin=null
                  p1: TYPE_OP type=kotlinx.coroutines.CoroutineScope origin=IMPLICIT_CAST typeOperand=kotlinx.coroutines.CoroutineScope
                    GET_VAR 'p1: kotlin.Any? declared in fin.phoenix.flix.ui.login.LoginKt.SignInSignUpScreen.<no name provided>.invoke' type=kotlin.Any? origin=null
                  p2: TYPE_OP type=kotlin.coroutines.Continuation<*> origin=IMPLICIT_CAST typeOperand=kotlin.coroutines.Continuation<*>
                    GET_VAR 'p2: kotlin.Any? declared in fin.phoenix.flix.ui.login.LoginKt.SignInSignUpScreen.<no name provided>.invoke' type=kotlin.Any? origin=null
        CONSTRUCTOR_CALL 'public/*package*/ constructor <init> ($buttonScale: androidx.compose.animation.core.Animatable<kotlin.Float, androidx.compose.animation.core.AnimationVector1D>, $completion: kotlin.coroutines.Continuation<fin.phoenix.flix.ui.login.LoginKt.SignInSignUpScreen.<no name provided>>?) [primary] declared in fin.phoenix.flix.ui.login.LoginKt.SignInSignUpScreen.<no name provided>' type=fin.phoenix.flix.ui.login.LoginKt.SignInSignUpScreen.<no name provided> origin=null
          $buttonScale: GET_VAR 'val buttonScale: androidx.compose.animation.core.Animatable<kotlin.Float, androidx.compose.animation.core.AnimationVector1D> [val] declared in fin.phoenix.flix.ui.login.LoginKt.SignInSignUpScreen' type=androidx.compose.animation.core.Animatable<kotlin.Float, androidx.compose.animation.core.AnimationVector1D> origin=null
          $completion: CONST Null type=kotlin.Nothing? value=null
    CALL 'public final fun Box$default (modifier: androidx.compose.ui.Modifier?, contentAlignment: androidx.compose.ui.Alignment?, propagateMinConstraints: kotlin.Boolean, content: @[Composable] @[ExtensionFunctionType] kotlin.Function1<androidx.compose.foundation.layout.BoxScope, kotlin.Unit>, $mask0: kotlin.Int, $handler: kotlin.Any?): kotlin.Unit [inline] declared in androidx.compose.foundation.layout.BoxKt' type=kotlin.Unit origin=DEFAULT_DISPATCH_CALL
      modifier: CALL 'public final fun background$default (brush: androidx.compose.ui.graphics.Brush, shape: androidx.compose.ui.graphics.Shape?, alpha: kotlin.Float, $mask0: kotlin.Int, $handler: kotlin.Any?): androidx.compose.ui.Modifier declared in androidx.compose.foundation.BackgroundKt' type=androidx.compose.ui.Modifier origin=DEFAULT_DISPATCH_CALL
        $receiver: CALL 'public final fun fillMaxSize$default (fraction: kotlin.Float, $mask0: kotlin.Int, $handler: kotlin.Any?): androidx.compose.ui.Modifier declared in androidx.compose.foundation.layout.SizeKt' type=androidx.compose.ui.Modifier origin=DEFAULT_DISPATCH_CALL
          $receiver: GET_FIELD 'FIELD FIELD_FOR_OBJECT_INSTANCE name:Companion type:androidx.compose.ui.Modifier.Companion visibility:public [final,static] declared in androidx.compose.ui.Modifier' type=androidx.compose.ui.Modifier.Companion origin=null
          fraction: COMPOSITE type=kotlin.Float origin=DEFAULT_VALUE
            CONST Float type=kotlin.Float value=0.0
          $mask0: CONST Int type=kotlin.Int value=1
          $handler: CONST Null type=kotlin.Any? value=null
        brush: CALL 'public final fun linearGradient-mHitzGk$default ($this: androidx.compose.ui.graphics.Brush.Companion, colors: kotlin.collections.List<androidx.compose.ui.graphics.Color>, start: androidx.compose.ui.geometry.Offset, end: androidx.compose.ui.geometry.Offset, tileMode: androidx.compose.ui.graphics.TileMode, $mask0: kotlin.Int, $handler: kotlin.Any?): androidx.compose.ui.graphics.Brush declared in androidx.compose.ui.graphics.Brush.Companion' type=androidx.compose.ui.graphics.Brush origin=DEFAULT_DISPATCH_CALL
          $this: GET_FIELD 'FIELD FIELD_FOR_OBJECT_INSTANCE name:Companion type:androidx.compose.ui.graphics.Brush.Companion visibility:public [final,static] declared in androidx.compose.ui.graphics.Brush' type=androidx.compose.ui.graphics.Brush.Companion origin=null
          colors: CALL 'public final fun listOf <T> (vararg elements: T of kotlin.collections.CollectionsKt.listOf): kotlin.collections.List<T of kotlin.collections.CollectionsKt.listOf> declared in kotlin.collections.CollectionsKt' type=kotlin.collections.List<androidx.compose.ui.graphics.Color> origin=null
            <T>: androidx.compose.ui.graphics.Color
            elements: BLOCK type=kotlin.Array<out androidx.compose.ui.graphics.Color> origin=null
              VAR IR_TEMPORARY_VARIABLE name:tmp0 type:kotlin.Array<out androidx.compose.ui.graphics.Color> [val]
                CALL 'public final fun arrayOfNulls <T> (size: kotlin.Int): kotlin.Array<T of kotlin.arrayOfNulls?> declared in kotlin' type=kotlin.Array<out androidx.compose.ui.graphics.Color> origin=null
                  <T>: androidx.compose.ui.graphics.Color
                  size: CONST Int type=kotlin.Int value=3
              CALL 'public final fun set (index: kotlin.Int, value: T of kotlin.Array): kotlin.Unit [operator] declared in kotlin.Array' type=kotlin.Unit origin=null
                $this: GET_VAR 'val tmp0: kotlin.Array<out androidx.compose.ui.graphics.Color> [val] declared in fin.phoenix.flix.ui.login.LoginKt.SignInSignUpScreen' type=kotlin.Array<out androidx.compose.ui.graphics.Color> origin=null
                index: CONST Int type=kotlin.Int value=0
                value: CALL 'public final fun Color (color: kotlin.Long): androidx.compose.ui.graphics.Color declared in androidx.compose.ui.graphics.ColorKt' type=androidx.compose.ui.graphics.Color origin=null
                  color: CONST Long type=kotlin.Long value=4287548134
              CALL 'public final fun set (index: kotlin.Int, value: T of kotlin.Array): kotlin.Unit [operator] declared in kotlin.Array' type=kotlin.Unit origin=null
                $this: GET_VAR 'val tmp0: kotlin.Array<out androidx.compose.ui.graphics.Color> [val] declared in fin.phoenix.flix.ui.login.LoginKt.SignInSignUpScreen' type=kotlin.Array<out androidx.compose.ui.graphics.Color> origin=null
                index: CONST Int type=kotlin.Int value=1
                value: CALL 'public final fun Color (color: kotlin.Long): androidx.compose.ui.graphics.Color declared in androidx.compose.ui.graphics.ColorKt' type=androidx.compose.ui.graphics.Color origin=null
                  color: CONST Long type=kotlin.Long value=4290502395
              CALL 'public final fun set (index: kotlin.Int, value: T of kotlin.Array): kotlin.Unit [operator] declared in kotlin.Array' type=kotlin.Unit origin=null
                $this: GET_VAR 'val tmp0: kotlin.Array<out androidx.compose.ui.graphics.Color> [val] declared in fin.phoenix.flix.ui.login.LoginKt.SignInSignUpScreen' type=kotlin.Array<out androidx.compose.ui.graphics.Color> origin=null
                index: CONST Int type=kotlin.Int value=2
                value: CALL 'public final fun Color (color: kotlin.Long): androidx.compose.ui.graphics.Color declared in androidx.compose.ui.graphics.ColorKt' type=androidx.compose.ui.graphics.Color origin=null
                  color: CONST Long type=kotlin.Long value=4291869951
              GET_VAR 'val tmp0: kotlin.Array<out androidx.compose.ui.graphics.Color> [val] declared in fin.phoenix.flix.ui.login.LoginKt.SignInSignUpScreen' type=kotlin.Array<out androidx.compose.ui.graphics.Color> origin=null
          start: CALL 'public final fun Offset (x: kotlin.Float, y: kotlin.Float): androidx.compose.ui.geometry.Offset declared in androidx.compose.ui.geometry.OffsetKt' type=androidx.compose.ui.geometry.Offset origin=null
            x: CONST Float type=kotlin.Float value=0.0
            y: CONST Float type=kotlin.Float value=0.0
          end: CALL 'public final fun Offset (x: kotlin.Float, y: kotlin.Float): androidx.compose.ui.geometry.Offset declared in androidx.compose.ui.geometry.OffsetKt' type=androidx.compose.ui.geometry.Offset origin=null
            x: CONST Float type=kotlin.Float value=Infinity
            y: CONST Float type=kotlin.Float value=Infinity
          tileMode: COMPOSITE type=androidx.compose.ui.graphics.TileMode origin=DEFAULT_VALUE
            CALL 'public final fun <unsafe-coerce> <T, R> (v: T of kotlin.jvm.internal.<unsafe-coerce>): R of kotlin.jvm.internal.<unsafe-coerce> declared in kotlin.jvm.internal' type=androidx.compose.ui.graphics.TileMode origin=null
              <T>: kotlin.Int
              <R>: androidx.compose.ui.graphics.TileMode
              v: CONST Int type=kotlin.Int value=0
          $mask0: CONST Int type=kotlin.Int value=8
          $handler: CONST Null type=kotlin.Any? value=null
        shape: COMPOSITE type=androidx.compose.ui.graphics.Shape? origin=DEFAULT_VALUE
          CONST Null type=androidx.compose.ui.graphics.Shape? value=null
        alpha: COMPOSITE type=kotlin.Float origin=DEFAULT_VALUE
          CONST Float type=kotlin.Float value=0.0
        $mask0: CONST Int type=kotlin.Int value=6
        $handler: CONST Null type=kotlin.Any? value=null
      contentAlignment: COMPOSITE type=androidx.compose.ui.Alignment? origin=DEFAULT_VALUE
        CONST Null type=androidx.compose.ui.Alignment? value=null
      propagateMinConstraints: COMPOSITE type=kotlin.Boolean origin=DEFAULT_VALUE
        CONST Boolean type=kotlin.Boolean value=false
      content: BLOCK type=@[ExtensionFunctionType] kotlin.Function1<androidx.compose.foundation.layout.BoxScope, kotlin.Unit> origin=LAMBDA
        COMPOSITE type=kotlin.Unit origin=null
        FUNCTION_REFERENCE 'private final fun SignInSignUpScreen$lambda$55 ($bubbles: kotlin.collections.List<fin.phoenix.flix.ui.login.BubbleState>, $animationProgress: androidx.compose.runtime.State<kotlin.Float>, $buttonScale: androidx.compose.animation.core.Animatable<kotlin.Float, androidx.compose.animation.core.AnimationVector1D>, $isPasswordLogin$delegate: androidx.compose.runtime.MutableState<kotlin.Boolean>, $phoneNumber$delegate: androidx.compose.runtime.MutableState<kotlin.String>, $password$delegate: androidx.compose.runtime.MutableState<kotlin.String>, $passwordVisible$delegate: androidx.compose.runtime.MutableState<kotlin.Boolean>, $context: android.content.Context, $verificationCode$delegate: androidx.compose.runtime.MutableState<kotlin.String>, $countdown$delegate: androidx.compose.runtime.MutableIntState, $isLoading$delegate: androidx.compose.runtime.MutableState<kotlin.Boolean>, $onLoginSuccess: kotlin.Function0<kotlin.Unit>): kotlin.Unit declared in fin.phoenix.flix.ui.login.LoginKt' type=@[ExtensionFunctionType] kotlin.Function1<androidx.compose.foundation.layout.BoxScope, kotlin.Unit> origin=INLINE_LAMBDA reflectionTarget=null
          $bubbles: GET_VAR 'val bubbles: kotlin.collections.List<fin.phoenix.flix.ui.login.BubbleState> [val] declared in fin.phoenix.flix.ui.login.LoginKt.SignInSignUpScreen' type=kotlin.collections.List<fin.phoenix.flix.ui.login.BubbleState> origin=null
          $animationProgress: GET_VAR 'val animationProgress: androidx.compose.runtime.State<kotlin.Float> [val] declared in fin.phoenix.flix.ui.login.LoginKt.SignInSignUpScreen' type=androidx.compose.runtime.State<kotlin.Float> origin=null
          $buttonScale: GET_VAR 'val buttonScale: androidx.compose.animation.core.Animatable<kotlin.Float, androidx.compose.animation.core.AnimationVector1D> [val] declared in fin.phoenix.flix.ui.login.LoginKt.SignInSignUpScreen' type=androidx.compose.animation.core.Animatable<kotlin.Float, androidx.compose.animation.core.AnimationVector1D> origin=null
          $isPasswordLogin$delegate: GET_VAR 'val isPasswordLogin$delegate: androidx.compose.runtime.MutableState<kotlin.Boolean> [val] declared in fin.phoenix.flix.ui.login.LoginKt.SignInSignUpScreen' type=androidx.compose.runtime.MutableState<kotlin.Boolean> origin=null
          $phoneNumber$delegate: GET_VAR 'val phoneNumber$delegate: androidx.compose.runtime.MutableState<kotlin.String> [val] declared in fin.phoenix.flix.ui.login.LoginKt.SignInSignUpScreen' type=androidx.compose.runtime.MutableState<kotlin.String> origin=null
          $password$delegate: GET_VAR 'val password$delegate: androidx.compose.runtime.MutableState<kotlin.String> [val] declared in fin.phoenix.flix.ui.login.LoginKt.SignInSignUpScreen' type=androidx.compose.runtime.MutableState<kotlin.String> origin=null
          $passwordVisible$delegate: GET_VAR 'val passwordVisible$delegate: androidx.compose.runtime.MutableState<kotlin.Boolean> [val] declared in fin.phoenix.flix.ui.login.LoginKt.SignInSignUpScreen' type=androidx.compose.runtime.MutableState<kotlin.Boolean> origin=null
          $context: GET_VAR 'val context: android.content.Context [val] declared in fin.phoenix.flix.ui.login.LoginKt.SignInSignUpScreen' type=android.content.Context origin=null
          $verificationCode$delegate: GET_VAR 'val verificationCode$delegate: androidx.compose.runtime.MutableState<kotlin.String> [val] declared in fin.phoenix.flix.ui.login.LoginKt.SignInSignUpScreen' type=androidx.compose.runtime.MutableState<kotlin.String> origin=null
          $countdown$delegate: GET_VAR 'val countdown$delegate: androidx.compose.runtime.MutableIntState [val] declared in fin.phoenix.flix.ui.login.LoginKt.SignInSignUpScreen' type=androidx.compose.runtime.MutableIntState origin=null
          $isLoading$delegate: GET_VAR 'val isLoading$delegate: androidx.compose.runtime.MutableState<kotlin.Boolean> [val] declared in fin.phoenix.flix.ui.login.LoginKt.SignInSignUpScreen' type=androidx.compose.runtime.MutableState<kotlin.Boolean> origin=null
          $onLoginSuccess: GET_VAR 'onLoginSuccess: kotlin.Function0<kotlin.Unit> declared in fin.phoenix.flix.ui.login.LoginKt.SignInSignUpScreen' type=kotlin.Function0<kotlin.Unit> origin=null
      $mask0: CONST Int type=kotlin.Int value=6
      $handler: CONST Null type=kotlin.Any? value=null

	at org.jetbrains.kotlin.backend.jvm.codegen.FunctionCodegen.generate(FunctionCodegen.kt:47)
	at org.jetbrains.kotlin.backend.jvm.codegen.FunctionCodegen.generate$default(FunctionCodegen.kt:40)
	at org.jetbrains.kotlin.backend.jvm.codegen.ClassCodegen.generateMethodNode(ClassCodegen.kt:406)
	at org.jetbrains.kotlin.backend.jvm.codegen.ClassCodegen.generateMethod(ClassCodegen.kt:423)
	at org.jetbrains.kotlin.backend.jvm.codegen.ClassCodegen.generate(ClassCodegen.kt:168)
	at org.jetbrains.kotlin.backend.jvm.FileCodegen.lower(JvmPhases.kt:39)
	at org.jetbrains.kotlin.backend.common.phaser.PhaseFactoriesKt.createFilePhase$lambda$4(PhaseFactories.kt:71)
	at org.jetbrains.kotlin.backend.common.phaser.PhaseBuildersKt$createSimpleNamedCompilerPhase$1.phaseBody(PhaseBuilders.kt:69)
	at org.jetbrains.kotlin.backend.common.phaser.SimpleNamedCompilerPhase.phaseBody(CompilerPhase.kt:226)
	at org.jetbrains.kotlin.backend.common.phaser.AbstractNamedCompilerPhase.invoke(CompilerPhase.kt:113)
	at org.jetbrains.kotlin.backend.common.phaser.PerformByIrFilePhase.invokeSequential(performByIrFile.kt:62)
	... 43 more
Caused by: org.jetbrains.kotlin.codegen.CompilationException: Back-end (JVM) Internal error: Couldn't inline method call: CALL 'public final fun <get-current> (): T of androidx.compose.runtime.CompositionLocal [inline] declared in androidx.compose.runtime.CompositionLocal' type=android.content.Context origin=GET_PROPERTY
Method: null
File is unknown
The root cause java.lang.IllegalStateException was thrown at: org.jetbrains.kotlin.codegen.inline.SourceCompilerForInlineKt.getMethodNode(SourceCompilerForInline.kt:118)
	at org.jetbrains.kotlin.codegen.inline.InlineCodegen.performInline(InlineCodegen.kt:65)
	at org.jetbrains.kotlin.backend.jvm.codegen.IrInlineCodegen.genInlineCall(IrInlineCodegen.kt:163)
	at org.jetbrains.kotlin.backend.jvm.codegen.IrInlineCallGenerator.genCall(IrInlineCallGenerator.kt:36)
	at org.jetbrains.kotlin.backend.jvm.codegen.ExpressionCodegen.visitCall(ExpressionCodegen.kt:653)
	at org.jetbrains.kotlin.backend.jvm.codegen.ExpressionCodegen.visitCall(ExpressionCodegen.kt:138)
	at org.jetbrains.kotlin.ir.expressions.IrCall.accept(IrCall.kt:24)
	at org.jetbrains.kotlin.backend.jvm.codegen.ExpressionCodegen.visitVariable(ExpressionCodegen.kt:790)
	at org.jetbrains.kotlin.backend.jvm.codegen.ExpressionCodegen.visitVariable(ExpressionCodegen.kt:138)
	at org.jetbrains.kotlin.ir.declarations.IrVariable.accept(IrVariable.kt:36)
	at org.jetbrains.kotlin.backend.jvm.codegen.ExpressionCodegen.visitStatementContainer(ExpressionCodegen.kt:579)
	at org.jetbrains.kotlin.backend.jvm.codegen.ExpressionCodegen.visitBlockBody(ExpressionCodegen.kt:584)
	at org.jetbrains.kotlin.backend.jvm.codegen.ExpressionCodegen.visitBlockBody(ExpressionCodegen.kt:138)
	at org.jetbrains.kotlin.ir.expressions.IrBlockBody.accept(IrBlockBody.kt:20)
	at org.jetbrains.kotlin.backend.jvm.codegen.ExpressionCodegen.generate(ExpressionCodegen.kt:240)
	at org.jetbrains.kotlin.backend.jvm.codegen.FunctionCodegen.doGenerate(FunctionCodegen.kt:123)
	at org.jetbrains.kotlin.backend.jvm.codegen.FunctionCodegen.generate(FunctionCodegen.kt:44)
	... 53 more
Caused by: java.lang.IllegalStateException: couldn't find inline method Landroidx/compose/runtime/CompositionLocal;.getCurrent()Ljava/lang/Object;
	at org.jetbrains.kotlin.codegen.inline.SourceCompilerForInlineKt.getMethodNode(SourceCompilerForInline.kt:118)
	at org.jetbrains.kotlin.codegen.inline.SourceCompilerForInlineKt.loadCompiledInlineFunction(SourceCompilerForInline.kt:96)
	at org.jetbrains.kotlin.backend.jvm.codegen.IrSourceCompilerForInline.compileInlineFunction(IrSourceCompilerForInline.kt:91)
	at org.jetbrains.kotlin.codegen.inline.InlineCodegen.compileInline(InlineCodegen.kt:43)
	at org.jetbrains.kotlin.codegen.inline.InlineCodegen.performInline(InlineCodegen.kt:51)
	... 68 more


